c:\users\xdc\documents\visual studio 2015\projects\cppwinform4\cppwinform4\debug\vc140.pdb
c:\users\xdc\documents\visual studio 2015\projects\cppwinform4\cppwinform4\debug\myform5.obj
c:\users\xdc\documents\visual studio 2015\projects\cppwinform4\cppwinform4\debug\myform4.obj
c:\users\xdc\documents\visual studio 2015\projects\cppwinform4\cppwinform4\debug\myform3.obj
c:\users\xdc\documents\visual studio 2015\projects\cppwinform4\cppwinform4\debug\myform2.obj
c:\users\xdc\documents\visual studio 2015\projects\cppwinform4\cppwinform4\debug\myform1.obj
c:\users\xdc\documents\visual studio 2015\projects\cppwinform4\cppwinform4\debug\myform.obj
c:\users\xdc\documents\visual studio 2015\projects\cppwinform4\cppwinform4\debug\internet.obj
c:\users\xdc\documents\visual studio 2015\projects\cppwinform4\cppwinform4\debug\.netframework,version=v4.5.2.assemblyattributes.obj
c:\users\xdc\documents\visual studio 2015\projects\cppwinform4\cppwinform4\debug\.netframework,version=v4.5.2.assemblyattributes.asm
c:\users\xdc\documents\visual studio 2015\projects\cppwinform4\cppwinform4\debug\cppwinform4.myform.resources
c:\users\xdc\documents\visual studio 2015\projects\cppwinform4\cppwinform4\debug\cppwinform4.myform1.resources
c:\users\xdc\documents\visual studio 2015\projects\cppwinform4\cppwinform4\debug\cppwinform4.myform2.resources
c:\users\xdc\documents\visual studio 2015\projects\cppwinform4\cppwinform4\debug\cppwinform4.myform3.resources
c:\users\xdc\documents\visual studio 2015\projects\cppwinform4\cppwinform4\debug\cppwinform4.myform4.resources
c:\users\xdc\documents\visual studio 2015\projects\cppwinform4\cppwinform4\debug\cppwinform4.myform5.resources
c:\users\xdc\documents\visual studio 2015\projects\cppwinform4\debug\cppwinform4.exe
c:\users\xdc\documents\visual studio 2015\projects\cppwinform4\debug\cppwinform4.pdb
c:\users\xdc\documents\visual studio 2015\projects\cppwinform4\cppwinform4\debug\cppwinform4.vcxproj.generateresource.cache
c:\users\xdc\documents\visual studio 2015\projects\cppwinform4\cppwinform4\debug\cppwinform4.tlog\cl.command.1.tlog
c:\users\xdc\documents\visual studio 2015\projects\cppwinform4\cppwinform4\debug\cppwinform4.tlog\cl.read.1.tlog
c:\users\xdc\documents\visual studio 2015\projects\cppwinform4\cppwinform4\debug\cppwinform4.tlog\cl.write.1.tlog
c:\users\xdc\documents\visual studio 2015\projects\cppwinform4\cppwinform4\debug\cppwinform4.tlog\cppwinform4.write.1u.tlog
c:\users\xdc\documents\visual studio 2015\projects\cppwinform4\cppwinform4\debug\cppwinform4.tlog\link.command.1.tlog
c:\users\xdc\documents\visual studio 2015\projects\cppwinform4\cppwinform4\debug\cppwinform4.tlog\link.read.1.tlog
c:\users\xdc\documents\visual studio 2015\projects\cppwinform4\cppwinform4\debug\cppwinform4.tlog\link.write.1.tlog
c:\users\xdc\documents\visual studio 2015\projects\cppwinform4\cppwinform4\debug\cppwinform4.tlog\metagen.read.1.tlog
c:\users\xdc\documents\visual studio 2015\projects\cppwinform4\cppwinform4\debug\cppwinform4.tlog\metagen.write.1.tlog
c:\users\xdc\documents\visual studio 2015\projects\cppwinform4\cppwinform4\debug\cppwinform4.tlog\rsaenh.dll.bi
c:\users\xdc\documents\visual studio 2015\projects\cppwinform4\cppwinform4\debug\cppwinform4.tlog\tzres.dll.bi
